<?xml version="1.0" encoding="UTF-8"?>
<testng-results skipped="0" failed="0" total="1" passed="1">
  <reporter-output>
    <line>
      <![CDATA[Navigated to the https://www.makemytrip.com  Hey Test]]>
    </line>
    <line>
      <![CDATA[Found the element : Flights]]>
    </line>
    <line>
      <![CDATA[Clicking on: [[ChromeDriver: chrome on MAC (bd1673ccb8d2fdd169dd63f99c57e6a5)] -> xpath: //span[text()='Flights']]]]>
    </line>
    <line>
      <![CDATA[[[ChromeDriver: chrome on MAC (bd1673ccb8d2fdd169dd63f99c57e6a5)] -> xpath: //span[text()='Flights']]]]>
    </line>
    <line>
      <![CDATA[Clicked on: [[ChromeDriver: chrome on MAC (bd1673ccb8d2fdd169dd63f99c57e6a5)] -> xpath: //span[text()='Flights']]]]>
    </line>
    <line>
      <![CDATA[[[ChromeDriver: chrome on MAC (bd1673ccb8d2fdd169dd63f99c57e6a5)] -> xpath: //span[text()='Flights']]]]>
    </line>
    <line>
      <![CDATA[Found the element : ROUND TRIP]]>
    </line>
    <line>
      <![CDATA[Clicking on: [[ChromeDriver: chrome on MAC (bd1673ccb8d2fdd169dd63f99c57e6a5)] -> xpath: //li[contains(text(),'Round Trip')]]]]>
    </line>
    <line>
      <![CDATA[[[ChromeDriver: chrome on MAC (bd1673ccb8d2fdd169dd63f99c57e6a5)] -> xpath: //li[contains(text(),'Round Trip')]]]]>
    </line>
    <line>
      <![CDATA[Clicked on: [[ChromeDriver: chrome on MAC (bd1673ccb8d2fdd169dd63f99c57e6a5)] -> xpath: //li[contains(text(),'Round Trip')]]]]>
    </line>
    <line>
      <![CDATA[[[ChromeDriver: chrome on MAC (bd1673ccb8d2fdd169dd63f99c57e6a5)] -> xpath: //li[contains(text(),'Round Trip')]]]]>
    </line>
    <line>
      <![CDATA[Found the element : ]]>
    </line>
    <line>
      <![CDATA[Clicking on: [[ChromeDriver: chrome on MAC (bd1673ccb8d2fdd169dd63f99c57e6a5)] -> id: fromCity]]]>
    </line>
    <line>
      <![CDATA[[[ChromeDriver: chrome on MAC (bd1673ccb8d2fdd169dd63f99c57e6a5)] -> id: fromCity]]]>
    </line>
    <line>
      <![CDATA[Clicked on: [[ChromeDriver: chrome on MAC (bd1673ccb8d2fdd169dd63f99c57e6a5)] -> id: fromCity]]]>
    </line>
    <line>
      <![CDATA[[[ChromeDriver: chrome on MAC (bd1673ccb8d2fdd169dd63f99c57e6a5)] -> id: fromCity]]]>
    </line>
    <line>
      <![CDATA[Found the element : ]]>
    </line>
    <line>
      <![CDATA[Found the element : ]]>
    </line>
    <line>
      <![CDATA[Clicking on: [[ChromeDriver: chrome on MAC (bd1673ccb8d2fdd169dd63f99c57e6a5)] -> xpath: //input[@placeholder='From']]]]>
    </line>
    <line>
      <![CDATA[[[ChromeDriver: chrome on MAC (bd1673ccb8d2fdd169dd63f99c57e6a5)] -> xpath: //input[@placeholder='From']]]]>
    </line>
    <line>
      <![CDATA[Clicked on: [[ChromeDriver: chrome on MAC (bd1673ccb8d2fdd169dd63f99c57e6a5)] -> xpath: //input[@placeholder='From']]]]>
    </line>
    <line>
      <![CDATA[[[ChromeDriver: chrome on MAC (bd1673ccb8d2fdd169dd63f99c57e6a5)] -> xpath: //input[@placeholder='From']]]]>
    </line>
    <line>
      <![CDATA[Found the element : ]]>
    </line>
    <line>
      <![CDATA[Found the element : Delhi, India]]>
    </line>
    <line>
      <![CDATA[Clicking on: [[ChromeDriver: chrome on MAC (bd1673ccb8d2fdd169dd63f99c57e6a5)] -> xpath: //div[@class='makeFlex hrtlCenter']/div/p[contains(text(),'Delhi')]]]]>
    </line>
    <line>
      <![CDATA[[[ChromeDriver: chrome on MAC (bd1673ccb8d2fdd169dd63f99c57e6a5)] -> xpath: //div[@class='makeFlex hrtlCenter']/div/p[contains(text(),'Delhi')]]]]>
    </line>
    <line>
      <![CDATA[Clicked on: [[ChromeDriver: chrome on MAC (bd1673ccb8d2fdd169dd63f99c57e6a5)] -> xpath: //div[@class='makeFlex hrtlCenter']/div/p[contains(text(),'Delhi')]]]]>
    </line>
    <line>
      <![CDATA[[[ChromeDriver: chrome on MAC (bd1673ccb8d2fdd169dd63f99c57e6a5)] -> xpath: //div[@class='makeFlex hrtlCenter']/div/p[contains(text(),'Delhi')]]]]>
    </line>
    <line>
      <![CDATA[Found the element : ]]>
    </line>
    <line>
      <![CDATA[Clicking on: [[ChromeDriver: chrome on MAC (bd1673ccb8d2fdd169dd63f99c57e6a5)] -> id: toCity]]]>
    </line>
    <line>
      <![CDATA[[[ChromeDriver: chrome on MAC (bd1673ccb8d2fdd169dd63f99c57e6a5)] -> id: toCity]]]>
    </line>
    <line>
      <![CDATA[Clicked on: [[ChromeDriver: chrome on MAC (bd1673ccb8d2fdd169dd63f99c57e6a5)] -> id: toCity]]]>
    </line>
    <line>
      <![CDATA[[[ChromeDriver: chrome on MAC (bd1673ccb8d2fdd169dd63f99c57e6a5)] -> id: toCity]]]>
    </line>
    <line>
      <![CDATA[Found the element : ]]>
    </line>
    <line>
      <![CDATA[Found the element : ]]>
    </line>
    <line>
      <![CDATA[Clicking on: [[ChromeDriver: chrome on MAC (bd1673ccb8d2fdd169dd63f99c57e6a5)] -> xpath: //input[@placeholder='To']]]]>
    </line>
    <line>
      <![CDATA[[[ChromeDriver: chrome on MAC (bd1673ccb8d2fdd169dd63f99c57e6a5)] -> xpath: //input[@placeholder='To']]]]>
    </line>
    <line>
      <![CDATA[Clicked on: [[ChromeDriver: chrome on MAC (bd1673ccb8d2fdd169dd63f99c57e6a5)] -> xpath: //input[@placeholder='To']]]]>
    </line>
    <line>
      <![CDATA[[[ChromeDriver: chrome on MAC (bd1673ccb8d2fdd169dd63f99c57e6a5)] -> xpath: //input[@placeholder='To']]]]>
    </line>
    <line>
      <![CDATA[Found the element : ]]>
    </line>
    <line>
      <![CDATA[Found the element : Bangalore, India]]>
    </line>
    <line>
      <![CDATA[Clicking on: [[ChromeDriver: chrome on MAC (bd1673ccb8d2fdd169dd63f99c57e6a5)] -> xpath: //div[@class='makeFlex hrtlCenter']/div/p[contains(text(),'Bangalore')]]]]>
    </line>
    <line>
      <![CDATA[[[ChromeDriver: chrome on MAC (bd1673ccb8d2fdd169dd63f99c57e6a5)] -> xpath: //div[@class='makeFlex hrtlCenter']/div/p[contains(text(),'Bangalore')]]]]>
    </line>
    <line>
      <![CDATA[Clicked on: [[ChromeDriver: chrome on MAC (bd1673ccb8d2fdd169dd63f99c57e6a5)] -> xpath: //div[@class='makeFlex hrtlCenter']/div/p[contains(text(),'Bangalore')]]]]>
    </line>
    <line>
      <![CDATA[[[ChromeDriver: chrome on MAC (bd1673ccb8d2fdd169dd63f99c57e6a5)] -> xpath: //div[@class='makeFlex hrtlCenter']/div/p[contains(text(),'Bangalore')]]]]>
    </line>
    <line>
      <![CDATA[Found the element : DEPARTURE
25 Apr19
Thursday]]>
    </line>
    <line>
      <![CDATA[Clicking on: [[ChromeDriver: chrome on MAC (bd1673ccb8d2fdd169dd63f99c57e6a5)] -> xpath: //label[contains(@for,'departure')]]]]>
    </line>
    <line>
      <![CDATA[[[ChromeDriver: chrome on MAC (bd1673ccb8d2fdd169dd63f99c57e6a5)] -> xpath: //label[contains(@for,'departure')]]]]>
    </line>
    <line>
      <![CDATA[Clicked on: [[ChromeDriver: chrome on MAC (bd1673ccb8d2fdd169dd63f99c57e6a5)] -> xpath: //label[contains(@for,'departure')]]]]>
    </line>
    <line>
      <![CDATA[[[ChromeDriver: chrome on MAC (bd1673ccb8d2fdd169dd63f99c57e6a5)] -> xpath: //label[contains(@for,'departure')]]]]>
    </line>
    <line>
      <![CDATA[Found the element : 24]]>
    </line>
    <line>
      <![CDATA[Clicking on: [[ChromeDriver: chrome on MAC (bd1673ccb8d2fdd169dd63f99c57e6a5)] -> xpath: //div[@class='DayPicker-Week']/div[contains(@class,'today')]]]]>
    </line>
    <line>
      <![CDATA[[[ChromeDriver: chrome on MAC (bd1673ccb8d2fdd169dd63f99c57e6a5)] -> xpath: //div[@class='DayPicker-Week']/div[contains(@class,'today')]]]]>
    </line>
    <line>
      <![CDATA[Clicked on: [[ChromeDriver: chrome on MAC (bd1673ccb8d2fdd169dd63f99c57e6a5)] -> xpath: //div[@class='DayPicker-Week']/div[contains(@class,'today')]]]]>
    </line>
    <line>
      <![CDATA[[[ChromeDriver: chrome on MAC (bd1673ccb8d2fdd169dd63f99c57e6a5)] -> xpath: //div[@class='DayPicker-Week']/div[contains(@class,'today')]]]]>
    </line>
    <line>
      <![CDATA[Found the element : 24]]>
    </line>
    <line>
      <![CDATA[Found the element : 1]]>
    </line>
    <line>
      <![CDATA[Clicking on: [[ChromeDriver: chrome on MAC (bd1673ccb8d2fdd169dd63f99c57e6a5)] -> xpath: //div[contains(@aria-label,'May')]/div[@class='dateInnerCell']/p[contains(text(),'1')]]]]>
    </line>
    <line>
      <![CDATA[[[ChromeDriver: chrome on MAC (bd1673ccb8d2fdd169dd63f99c57e6a5)] -> xpath: //div[contains(@aria-label,'May')]/div[@class='dateInnerCell']/p[contains(text(),'1')]]]]>
    </line>
    <line>
      <![CDATA[Clicked on: [[ChromeDriver: chrome on MAC (bd1673ccb8d2fdd169dd63f99c57e6a5)] -> xpath: //div[contains(@aria-label,'May')]/div[@class='dateInnerCell']/p[contains(text(),'1')]]]]>
    </line>
    <line>
      <![CDATA[[[ChromeDriver: chrome on MAC (bd1673ccb8d2fdd169dd63f99c57e6a5)] -> xpath: //div[contains(@aria-label,'May')]/div[@class='dateInnerCell']/p[contains(text(),'1')]]]]>
    </line>
    <line>
      <![CDATA[Found the element : SEARCH]]>
    </line>
    <line>
      <![CDATA[Clicking on: [[ChromeDriver: chrome on MAC (bd1673ccb8d2fdd169dd63f99c57e6a5)] -> xpath: //a[@class='primaryBtn font24 latoBlack widgetSearchBtn ']]]]>
    </line>
    <line>
      <![CDATA[[[ChromeDriver: chrome on MAC (bd1673ccb8d2fdd169dd63f99c57e6a5)] -> xpath: //a[@class='primaryBtn font24 latoBlack widgetSearchBtn ']]]]>
    </line>
    <line>
      <![CDATA[Clicked on: [[ChromeDriver: chrome on MAC (bd1673ccb8d2fdd169dd63f99c57e6a5)] -> xpath: //a[@class='primaryBtn font24 latoBlack widgetSearchBtn ']]]]>
    </line>
    <line>
      <![CDATA[[[ChromeDriver: chrome on MAC (bd1673ccb8d2fdd169dd63f99c57e6a5)] -> xpath: //a[@class='primaryBtn font24 latoBlack widgetSearchBtn ']]]]>
    </line>
    <line>
      <![CDATA[Found the element : TRIP TYPE
Round Trip
FROM
TO
DEPART
RETURN
PASSENGERS & CLASS
SEARCH]]>
    </line>
    <line>
      <![CDATA[Found the element : TRIP TYPE
Round Trip
FROM
TO
DEPART
RETURN
PASSENGERS & CLASS
SEARCH]]>
    </line>
    <line>
      <![CDATA[Found the element : TRIP TYPE
Round Trip
FROM
TO
DEPART
RETURN
PASSENGERS & CLASS
SEARCH]]>
    </line>
    <line>
      <![CDATA[Found the element : IndiGo |6E - 2977
23:10
New Delhi
02hrs 45mins
Non stop
01:55+1 DAY
Bengaluru
Rs 23,156
Free seats available]]>
    </line>
    <line>
      <![CDATA[Found the element : IndiGo |6E - 2977]]>
    </line>
    <line>
      <![CDATA[Found the element : Air India |AI - 317Air India |AI - 603]]>
    </line>
    <line>
      <![CDATA[Found the element : IndiGo |6E - 2289
22:20
Bengaluru
02hrs 50mins
Non stop
01:10+1 DAY
New Delhi
Rs 6,020
Free seats available]]>
    </line>
    <line>
      <![CDATA[Found the element : IndiGo |6E - 2289]]>
    </line>
    <line>
      <![CDATA[Found the element : Spicejet |SG - 8720]]>
    </line>
    <line>
      <![CDATA[Found the element : IndiGo |6E - 2484]]>
    </line>
    <line>
      <![CDATA[Found the element : Spicejet |SG - 8718]]>
    </line>
    <line>
      <![CDATA[Found the element : Spicejet |SG - 198]]>
    </line>
    <line>
      <![CDATA[Found the element : Go Air |G8 - 118]]>
    </line>
    <line>
      <![CDATA[Found the element : IndiGo |6E - 2132]]>
    </line>
    <line>
      <![CDATA[Found the element : Go Air |G8 - 116]]>
    </line>
    <line>
      <![CDATA[Found the element : Go Air |G8 - 285Go Air |G8 - 285]]>
    </line>
    <line>
      <![CDATA[Found the element : Air India |AI - 804]]>
    </line>
    <line>
      <![CDATA[Found the element : Air India |AI - 501]]>
    </line>
    <line>
      <![CDATA[Found the element : IndiGo |6E - 2625]]>
    </line>
    <line>
      <![CDATA[Found the element : Spicejet |SG - 136]]>
    </line>
    <line>
      <![CDATA[Found the element : Spicejet |SG - 192]]>
    </line>
    <line>
      <![CDATA[Found the element : Vistara |UK - 814]]>
    </line>
    <line>
      <![CDATA[Found the element : Go Air |G8 - 120]]>
    </line>
    <line>
      <![CDATA[Found the element : IndiGo |6E - 2783]]>
    </line>
    <line>
      <![CDATA[Found the element : IndiGo |6E - 2808]]>
    </line>
    <line>
      <![CDATA[Found the element : IndiGo |6E - 2135]]>
    </line>
    <line>
      <![CDATA[Found the element : IndiGo |6E - 2716]]>
    </line>
    <line>
      <![CDATA[Found the element : IndiGo |6E - 2305]]>
    </line>
    <line>
      <![CDATA[Found the element : IndiGo |6E - 2228]]>
    </line>
    <line>
      <![CDATA[Found the element : Air India |AI - 505]]>
    </line>
    <line>
      <![CDATA[Found the element : Air India |AI - 503]]>
    </line>
    <line>
      <![CDATA[Found the element : Vistara |UK - 810]]>
    </line>
    <line>
      <![CDATA[Found the element : Vistara |UK - 816]]>
    </line>
    <line>
      <![CDATA[Found the element : Vistara |UK - 812]]>
    </line>
    <line>
      <![CDATA[Found the element : IndiGo |6E - 2475]]>
    </line>
    <line>
      <![CDATA[Found the element : IndiGo |6E - 2246]]>
    </line>
    <line>
      <![CDATA[Found the element : AirAsia |I5 - 2878]]>
    </line>
    <line>
      <![CDATA[Found the element : AirAsia |I5 - 722]]>
    </line>
    <line>
      <![CDATA[Found the element : AirAsia |I5 - 741]]>
    </line>
    <line>
      <![CDATA[Found the element : Air India |AI - 173]]>
    </line>
    <line>
      <![CDATA[Found the element : Air India |AI - 977Air India |AI - 127]]>
    </line>
    <line>
      <![CDATA[Found the element : Vistara |UK - 818]]>
    </line>
    <line>
      <![CDATA[Found the element : IndiGo |6E - 2988]]>
    </line>
    <line>
      <![CDATA[Found the element : IndiGo |6E - 2367]]>
    </line>
    <line>
      <![CDATA[Found the element : IndiGo |6E - 2943]]>
    </line>
    <line>
      <![CDATA[Found the element : Air India |AI - 738Air India |AI - 76]]>
    </line>
    <line>
      <![CDATA[Found the element : IndiGo |6E - 2065IndiGo |6E - 2065]]>
    </line>
    <line>
      <![CDATA[Found the element : Go Air |G8 - 241Go Air |G8 - 172]]>
    </line>
    <line>
      <![CDATA[Found the element : IndiGo |6E - 6794IndiGo |6E - 6489]]>
    </line>
    <line>
      <![CDATA[Found the element : Go Air |G8 - 395Go Air |G8 - 465]]>
    </line>
    <line>
      <![CDATA[Found the element : Go Air |G8 - 373Go Air |G8 - 2512]]>
    </line>
    <line>
      <![CDATA[Found the element : Go Air |G8 - 803Go Air |G8 - 714]]>
    </line>
    <line>
      <![CDATA[Found the element : IndiGo |6E - 456IndiGo |6E - 964]]>
    </line>
    <line>
      <![CDATA[Found the element : Vistara |UK - 858Vistara |UK - 994]]>
    </line>
    <line>
      <![CDATA[Found the element : Vistara |UK - 858Vistara |UK - 960]]>
    </line>
    <line>
      <![CDATA[Found the element : Air India |AI - 772Air India |AI - 701]]>
    </line>
    <line>
      <![CDATA[Found the element : Air India |AI - 564Air India |AI - 539]]>
    </line>
    <line>
      <![CDATA[Found the element : Air India |AI - 9505Air India |AI - 511]]>
    </line>
    <line>
      <![CDATA[Found the element : Vistara |UK - 854Vistara |UK - 988]]>
    </line>
    <line>
      <![CDATA[Found the element : Vistara |UK - 852Vistara |UK - 960]]>
    </line>
    <line>
      <![CDATA[Found the element : Vistara |UK - 864Vistara |UK - 944]]>
    </line>
    <line>
      <![CDATA[Found the element : Vistara |UK - 854Vistara |UK - 950]]>
    </line>
    <line>
      <![CDATA[Found the element : Vistara |UK - 864Vistara |UK - 902]]>
    </line>
    <line>
      <![CDATA[Found the element : Vistara |UK - 854Vistara |UK - 986]]>
    </line>
    <line>
      <![CDATA[Found the element : Vistara |UK - 852Vistara |UK - 944]]>
    </line>
    <line>
      <![CDATA[Found the element : Vistara |UK - 852Vistara |UK - 902]]>
    </line>
    <line>
      <![CDATA[Found the element : Vistara |UK - 864Vistara |UK - 996]]>
    </line>
    <line>
      <![CDATA[Found the element : Air India |AI - 640Air India |AI - 809]]>
    </line>
    <line>
      <![CDATA[Found the element : Spicejet |SG - 516Spicejet |SG - 8184]]>
    </line>
    <line>
      <![CDATA[Found the element : Air India |AI - 589Air India |AI - 18]]>
    </line>
    <line>
      <![CDATA[Found the element : Go Air |G8 - 241Go Air |G8 - 2541]]>
    </line>
    <line>
      <![CDATA[Found the element : IndiGo |6E - 528IndiGo |6E - 528]]>
    </line>
    <line>
      <![CDATA[Found the element : Air India |AI - 604Air India |AI - 677]]>
    </line>
    <line>
      <![CDATA[Found the element : Air India |AI - 640Air India |AI - 677]]>
    </line>
    <line>
      <![CDATA[Found the element : Air India |AI - 604Air India |AI - 687]]>
    </line>
    <line>
      <![CDATA[Found the element : Vistara |UK - 864Vistara |UK - 875Vistara |UK - 890]]>
    </line>
    <line>
      <![CDATA[Found the element : Air India |AI - 507Air India |AI - 507Air India |AI - 144]]>
    </line>
    <line>
      <![CDATA[Found the element : Air India |AI - 507Air India |AI - 507Air India |AI - 660]]>
    </line>
    <line>
      <![CDATA[Found the element : Air India |AI - 507Air India |AI - 507Air India |AI - 888]]>
    </line>
    <line>
      <![CDATA[Found the element : Air India |AI - 507Air India |AI - 507Air India |AI - 314]]>
    </line>
    <line>
      <![CDATA[Found the element : Air India |AI - 507Air India |AI - 507Air India |AI - 687]]>
    </line>
    <line>
      <![CDATA[Found the element : Air India |AI - 507Air India |AI - 507Air India |AI - 442Air India |AI - 442]]>
    </line>
    <line>
      <![CDATA[Found the element : Air India |AI - 608Air India |AI - 101]]>
    </line>
    <line>
      <![CDATA[Found the element : Air India |AI - 604Air India |AI - 9627Air India |AI - 9627Air India |AI - 9627]]>
    </line>
    <line>
      <![CDATA[Found the element : Vistara |UK - 852Vistara |UK - 841Vistara |UK - 848]]>
    </line>
    <line>
      <![CDATA[Found the element : Vistara |UK - 864Vistara |UK - 771Vistara |UK - 778]]>
    </line>
    <line>
      <![CDATA[Found the element : Air India |AI - 640Air India |AI - 645Air India |AI - 476]]>
    </line>
    <line>
      <![CDATA[Found the element : Non Stop]]>
    </line>
    <line>
      <![CDATA[Clicking on: [[ChromeDriver: chrome on MAC (bd1673ccb8d2fdd169dd63f99c57e6a5)] -> xpath: //label[starts-with(@for,'filter_stop')]/span[text()='Non Stop']]]]>
    </line>
    <line>
      <![CDATA[[[ChromeDriver: chrome on MAC (bd1673ccb8d2fdd169dd63f99c57e6a5)] -> xpath: //label[starts-with(@for,'filter_stop')]/span[text()='Non Stop']]]]>
    </line>
    <line>
      <![CDATA[Clicked on: [[ChromeDriver: chrome on MAC (bd1673ccb8d2fdd169dd63f99c57e6a5)] -> xpath: //label[starts-with(@for,'filter_stop')]/span[text()='Non Stop']]]]>
    </line>
    <line>
      <![CDATA[[[ChromeDriver: chrome on MAC (bd1673ccb8d2fdd169dd63f99c57e6a5)] -> xpath: //label[starts-with(@for,'filter_stop')]/span[text()='Non Stop']]]]>
    </line>
    <line>
      <![CDATA[Found the element : TRIP TYPE
Round Trip
FROM
TO
DEPART
RETURN
PASSENGERS & CLASS
SEARCH]]>
    </line>
    <line>
      <![CDATA[Found the element : Non Stop]]>
    </line>
    <line>
      <![CDATA[Found the element : Non Stop]]>
    </line>
    <line>
      <![CDATA[Found the element : Non Stop]]>
    </line>
    <line>
      <![CDATA[Found the element : IndiGo |6E - 2977
23:10
New Delhi
02hrs 45mins
Non stop
01:55+1 DAY
Bengaluru
Rs 23,156
Free seats available]]>
    </line>
    <line>
      <![CDATA[Found the element : IndiGo |6E - 2977]]>
    </line>
    <line>
      <![CDATA[Found the element : IndiGo |6E - 2289
22:20
Bengaluru
02hrs 50mins
Non stop
01:10+1 DAY
New Delhi
Rs 6,020
Free seats available]]>
    </line>
    <line>
      <![CDATA[Found the element : IndiGo |6E - 2289]]>
    </line>
    <line>
      <![CDATA[Found the element : Spicejet |SG - 8720]]>
    </line>
    <line>
      <![CDATA[Found the element : IndiGo |6E - 2484]]>
    </line>
    <line>
      <![CDATA[Found the element : Spicejet |SG - 8718]]>
    </line>
    <line>
      <![CDATA[Found the element : Spicejet |SG - 198]]>
    </line>
    <line>
      <![CDATA[Found the element : Go Air |G8 - 118]]>
    </line>
    <line>
      <![CDATA[Found the element : IndiGo |6E - 2132]]>
    </line>
    <line>
      <![CDATA[Found the element : Go Air |G8 - 116]]>
    </line>
    <line>
      <![CDATA[Found the element : Air India |AI - 804]]>
    </line>
    <line>
      <![CDATA[Found the element : Air India |AI - 501]]>
    </line>
    <line>
      <![CDATA[Found the element : IndiGo |6E - 2625]]>
    </line>
    <line>
      <![CDATA[Found the element : Spicejet |SG - 136]]>
    </line>
    <line>
      <![CDATA[Found the element : Spicejet |SG - 192]]>
    </line>
    <line>
      <![CDATA[Found the element : Vistara |UK - 814]]>
    </line>
    <line>
      <![CDATA[Found the element : Go Air |G8 - 120]]>
    </line>
    <line>
      <![CDATA[Found the element : IndiGo |6E - 2783]]>
    </line>
    <line>
      <![CDATA[Found the element : IndiGo |6E - 2808]]>
    </line>
    <line>
      <![CDATA[Found the element : IndiGo |6E - 2135]]>
    </line>
    <line>
      <![CDATA[Found the element : IndiGo |6E - 2716]]>
    </line>
    <line>
      <![CDATA[Found the element : IndiGo |6E - 2305]]>
    </line>
    <line>
      <![CDATA[Found the element : IndiGo |6E - 2228]]>
    </line>
    <line>
      <![CDATA[Found the element : Air India |AI - 505]]>
    </line>
    <line>
      <![CDATA[Found the element : Air India |AI - 503]]>
    </line>
    <line>
      <![CDATA[Found the element : Vistara |UK - 810]]>
    </line>
    <line>
      <![CDATA[Found the element : Vistara |UK - 816]]>
    </line>
    <line>
      <![CDATA[Found the element : Vistara |UK - 812]]>
    </line>
    <line>
      <![CDATA[Found the element : IndiGo |6E - 2475]]>
    </line>
    <line>
      <![CDATA[Found the element : IndiGo |6E - 2246]]>
    </line>
    <line>
      <![CDATA[Found the element : AirAsia |I5 - 2878]]>
    </line>
    <line>
      <![CDATA[Found the element : AirAsia |I5 - 722]]>
    </line>
    <line>
      <![CDATA[Found the element : AirAsia |I5 - 741]]>
    </line>
    <line>
      <![CDATA[Found the element : Air India |AI - 173]]>
    </line>
    <line>
      <![CDATA[Found the element : Vistara |UK - 818]]>
    </line>
    <line>
      <![CDATA[Found the element : IndiGo |6E - 2988]]>
    </line>
    <line>
      <![CDATA[Found the element : IndiGo |6E - 2367]]>
    </line>
    <line>
      <![CDATA[Found the element : IndiGo |6E - 2943]]>
    </line>
    <line>
      <![CDATA[Found the element : IndiGo |6E - 2977
23:10
New Delhi
02hrs 45mins
Non stop
01:55+1 DAY
Bengaluru
Rs 23,156
Free seats available]]>
    </line>
    <line>
      <![CDATA[Found the element : IndiGo |6E - 2977]]>
    </line>
    <line>
      <![CDATA[Found the element : IndiGo |6E - 2289
22:20
Bengaluru
02hrs 50mins
Non stop
01:10+1 DAY
New Delhi
Rs 6,020
Free seats available]]>
    </line>
    <line>
      <![CDATA[Found the element : IndiGo |6E - 2289]]>
    </line>
    <line>
      <![CDATA[Found the element : Spicejet |SG - 8720]]>
    </line>
    <line>
      <![CDATA[Found the element : IndiGo |6E - 2484]]>
    </line>
    <line>
      <![CDATA[Found the element : Spicejet |SG - 8718]]>
    </line>
    <line>
      <![CDATA[Found the element : Spicejet |SG - 198]]>
    </line>
    <line>
      <![CDATA[Found the element : Go Air |G8 - 118]]>
    </line>
    <line>
      <![CDATA[Found the element : IndiGo |6E - 2132]]>
    </line>
    <line>
      <![CDATA[Found the element : Go Air |G8 - 116]]>
    </line>
    <line>
      <![CDATA[Found the element : Air India |AI - 804]]>
    </line>
    <line>
      <![CDATA[Found the element : Air India |AI - 501]]>
    </line>
    <line>
      <![CDATA[Found the element : IndiGo |6E - 2625]]>
    </line>
    <line>
      <![CDATA[Found the element : Spicejet |SG - 136]]>
    </line>
    <line>
      <![CDATA[Found the element : Spicejet |SG - 192]]>
    </line>
    <line>
      <![CDATA[Found the element : Vistara |UK - 814]]>
    </line>
    <line>
      <![CDATA[Found the element : Go Air |G8 - 120]]>
    </line>
    <line>
      <![CDATA[Found the element : IndiGo |6E - 2783]]>
    </line>
    <line>
      <![CDATA[Found the element : IndiGo |6E - 2808]]>
    </line>
    <line>
      <![CDATA[Found the element : IndiGo |6E - 2135]]>
    </line>
    <line>
      <![CDATA[Found the element : IndiGo |6E - 2716]]>
    </line>
    <line>
      <![CDATA[Found the element : IndiGo |6E - 2305]]>
    </line>
    <line>
      <![CDATA[Found the element : IndiGo |6E - 2228]]>
    </line>
    <line>
      <![CDATA[Found the element : Air India |AI - 505]]>
    </line>
    <line>
      <![CDATA[Found the element : Air India |AI - 503]]>
    </line>
    <line>
      <![CDATA[Found the element : Vistara |UK - 810]]>
    </line>
    <line>
      <![CDATA[Found the element : Vistara |UK - 816]]>
    </line>
    <line>
      <![CDATA[Found the element : Vistara |UK - 812]]>
    </line>
    <line>
      <![CDATA[Found the element : IndiGo |6E - 2475]]>
    </line>
    <line>
      <![CDATA[Found the element : IndiGo |6E - 2246]]>
    </line>
    <line>
      <![CDATA[Found the element : AirAsia |I5 - 2878]]>
    </line>
    <line>
      <![CDATA[Found the element : AirAsia |I5 - 722]]>
    </line>
    <line>
      <![CDATA[Found the element : AirAsia |I5 - 741]]>
    </line>
    <line>
      <![CDATA[Found the element : Air India |AI - 173]]>
    </line>
    <line>
      <![CDATA[Found the element : Vistara |UK - 818]]>
    </line>
    <line>
      <![CDATA[Found the element : IndiGo |6E - 2988]]>
    </line>
    <line>
      <![CDATA[Found the element : IndiGo |6E - 2367]]>
    </line>
    <line>
      <![CDATA[Found the element : IndiGo |6E - 2943]]>
    </line>
    <line>
      <![CDATA[Found the element : ]]>
    </line>
    <line>
      <![CDATA[Found the element : ]]>
    </line>
    <line>
      <![CDATA[Found the element : Rs 29,550]]>
    </line>
    <line>
      <![CDATA[Found the element : Rs 23,156]]>
    </line>
    <line>
      <![CDATA[Found the element : Rs 6,394]]>
    </line>
    <line>
      <![CDATA[Found the element : Rs 23,156]]>
    </line>
    <line>
      <![CDATA[Found the element : Rs 6,394]]>
    </line>
    <line>
      <![CDATA[Found the element : Rs 29,550]]>
    </line>
  </reporter-output>
  <suite name="Default suite" duration-ms="43510" started-at="2019-04-24T14:25:21Z" finished-at="2019-04-24T14:26:04Z">
    <groups>
    </groups>
    <test name="Default test" duration-ms="43510" started-at="2019-04-24T14:25:21Z" finished-at="2019-04-24T14:26:04Z">
      <class name="com.TestAutomation.MA.Home.MMT_TestCases">
        <test-method status="PASS" signature="init()[pri:0, instance:com.TestAutomation.MA.Home.MMT_TestCases@1efed156]" name="init" is-config="true" duration-ms="6433" started-at="2019-04-24T19:55:21Z" finished-at="2019-04-24T19:55:27Z">
          <reporter-output>
            <line>
              <![CDATA[Navigated to the https://www.makemytrip.com  Hey Test]]>
            </line>
          </reporter-output>
        </test-method> <!-- init -->
        <test-method status="PASS" signature="TC_001()[pri:0, instance:com.TestAutomation.MA.Home.MMT_TestCases@1efed156]" name="TC_001" duration-ms="36647" started-at="2019-04-24T19:55:27Z" finished-at="2019-04-24T19:56:04Z">
          <reporter-output>
            <line>
              <![CDATA[Found the element : Flights]]>
            </line>
            <line>
              <![CDATA[Clicking on: [[ChromeDriver: chrome on MAC (bd1673ccb8d2fdd169dd63f99c57e6a5)] -> xpath: //span[text()='Flights']]]]>
            </line>
            <line>
              <![CDATA[[[ChromeDriver: chrome on MAC (bd1673ccb8d2fdd169dd63f99c57e6a5)] -> xpath: //span[text()='Flights']]]]>
            </line>
            <line>
              <![CDATA[Clicked on: [[ChromeDriver: chrome on MAC (bd1673ccb8d2fdd169dd63f99c57e6a5)] -> xpath: //span[text()='Flights']]]]>
            </line>
            <line>
              <![CDATA[[[ChromeDriver: chrome on MAC (bd1673ccb8d2fdd169dd63f99c57e6a5)] -> xpath: //span[text()='Flights']]]]>
            </line>
            <line>
              <![CDATA[Found the element : ROUND TRIP]]>
            </line>
            <line>
              <![CDATA[Clicking on: [[ChromeDriver: chrome on MAC (bd1673ccb8d2fdd169dd63f99c57e6a5)] -> xpath: //li[contains(text(),'Round Trip')]]]]>
            </line>
            <line>
              <![CDATA[[[ChromeDriver: chrome on MAC (bd1673ccb8d2fdd169dd63f99c57e6a5)] -> xpath: //li[contains(text(),'Round Trip')]]]]>
            </line>
            <line>
              <![CDATA[Clicked on: [[ChromeDriver: chrome on MAC (bd1673ccb8d2fdd169dd63f99c57e6a5)] -> xpath: //li[contains(text(),'Round Trip')]]]]>
            </line>
            <line>
              <![CDATA[[[ChromeDriver: chrome on MAC (bd1673ccb8d2fdd169dd63f99c57e6a5)] -> xpath: //li[contains(text(),'Round Trip')]]]]>
            </line>
            <line>
              <![CDATA[Found the element : ]]>
            </line>
            <line>
              <![CDATA[Clicking on: [[ChromeDriver: chrome on MAC (bd1673ccb8d2fdd169dd63f99c57e6a5)] -> id: fromCity]]]>
            </line>
            <line>
              <![CDATA[[[ChromeDriver: chrome on MAC (bd1673ccb8d2fdd169dd63f99c57e6a5)] -> id: fromCity]]]>
            </line>
            <line>
              <![CDATA[Clicked on: [[ChromeDriver: chrome on MAC (bd1673ccb8d2fdd169dd63f99c57e6a5)] -> id: fromCity]]]>
            </line>
            <line>
              <![CDATA[[[ChromeDriver: chrome on MAC (bd1673ccb8d2fdd169dd63f99c57e6a5)] -> id: fromCity]]]>
            </line>
            <line>
              <![CDATA[Found the element : ]]>
            </line>
            <line>
              <![CDATA[Found the element : ]]>
            </line>
            <line>
              <![CDATA[Clicking on: [[ChromeDriver: chrome on MAC (bd1673ccb8d2fdd169dd63f99c57e6a5)] -> xpath: //input[@placeholder='From']]]]>
            </line>
            <line>
              <![CDATA[[[ChromeDriver: chrome on MAC (bd1673ccb8d2fdd169dd63f99c57e6a5)] -> xpath: //input[@placeholder='From']]]]>
            </line>
            <line>
              <![CDATA[Clicked on: [[ChromeDriver: chrome on MAC (bd1673ccb8d2fdd169dd63f99c57e6a5)] -> xpath: //input[@placeholder='From']]]]>
            </line>
            <line>
              <![CDATA[[[ChromeDriver: chrome on MAC (bd1673ccb8d2fdd169dd63f99c57e6a5)] -> xpath: //input[@placeholder='From']]]]>
            </line>
            <line>
              <![CDATA[Found the element : ]]>
            </line>
            <line>
              <![CDATA[Found the element : Delhi, India]]>
            </line>
            <line>
              <![CDATA[Clicking on: [[ChromeDriver: chrome on MAC (bd1673ccb8d2fdd169dd63f99c57e6a5)] -> xpath: //div[@class='makeFlex hrtlCenter']/div/p[contains(text(),'Delhi')]]]]>
            </line>
            <line>
              <![CDATA[[[ChromeDriver: chrome on MAC (bd1673ccb8d2fdd169dd63f99c57e6a5)] -> xpath: //div[@class='makeFlex hrtlCenter']/div/p[contains(text(),'Delhi')]]]]>
            </line>
            <line>
              <![CDATA[Clicked on: [[ChromeDriver: chrome on MAC (bd1673ccb8d2fdd169dd63f99c57e6a5)] -> xpath: //div[@class='makeFlex hrtlCenter']/div/p[contains(text(),'Delhi')]]]]>
            </line>
            <line>
              <![CDATA[[[ChromeDriver: chrome on MAC (bd1673ccb8d2fdd169dd63f99c57e6a5)] -> xpath: //div[@class='makeFlex hrtlCenter']/div/p[contains(text(),'Delhi')]]]]>
            </line>
            <line>
              <![CDATA[Found the element : ]]>
            </line>
            <line>
              <![CDATA[Clicking on: [[ChromeDriver: chrome on MAC (bd1673ccb8d2fdd169dd63f99c57e6a5)] -> id: toCity]]]>
            </line>
            <line>
              <![CDATA[[[ChromeDriver: chrome on MAC (bd1673ccb8d2fdd169dd63f99c57e6a5)] -> id: toCity]]]>
            </line>
            <line>
              <![CDATA[Clicked on: [[ChromeDriver: chrome on MAC (bd1673ccb8d2fdd169dd63f99c57e6a5)] -> id: toCity]]]>
            </line>
            <line>
              <![CDATA[[[ChromeDriver: chrome on MAC (bd1673ccb8d2fdd169dd63f99c57e6a5)] -> id: toCity]]]>
            </line>
            <line>
              <![CDATA[Found the element : ]]>
            </line>
            <line>
              <![CDATA[Found the element : ]]>
            </line>
            <line>
              <![CDATA[Clicking on: [[ChromeDriver: chrome on MAC (bd1673ccb8d2fdd169dd63f99c57e6a5)] -> xpath: //input[@placeholder='To']]]]>
            </line>
            <line>
              <![CDATA[[[ChromeDriver: chrome on MAC (bd1673ccb8d2fdd169dd63f99c57e6a5)] -> xpath: //input[@placeholder='To']]]]>
            </line>
            <line>
              <![CDATA[Clicked on: [[ChromeDriver: chrome on MAC (bd1673ccb8d2fdd169dd63f99c57e6a5)] -> xpath: //input[@placeholder='To']]]]>
            </line>
            <line>
              <![CDATA[[[ChromeDriver: chrome on MAC (bd1673ccb8d2fdd169dd63f99c57e6a5)] -> xpath: //input[@placeholder='To']]]]>
            </line>
            <line>
              <![CDATA[Found the element : ]]>
            </line>
            <line>
              <![CDATA[Found the element : Bangalore, India]]>
            </line>
            <line>
              <![CDATA[Clicking on: [[ChromeDriver: chrome on MAC (bd1673ccb8d2fdd169dd63f99c57e6a5)] -> xpath: //div[@class='makeFlex hrtlCenter']/div/p[contains(text(),'Bangalore')]]]]>
            </line>
            <line>
              <![CDATA[[[ChromeDriver: chrome on MAC (bd1673ccb8d2fdd169dd63f99c57e6a5)] -> xpath: //div[@class='makeFlex hrtlCenter']/div/p[contains(text(),'Bangalore')]]]]>
            </line>
            <line>
              <![CDATA[Clicked on: [[ChromeDriver: chrome on MAC (bd1673ccb8d2fdd169dd63f99c57e6a5)] -> xpath: //div[@class='makeFlex hrtlCenter']/div/p[contains(text(),'Bangalore')]]]]>
            </line>
            <line>
              <![CDATA[[[ChromeDriver: chrome on MAC (bd1673ccb8d2fdd169dd63f99c57e6a5)] -> xpath: //div[@class='makeFlex hrtlCenter']/div/p[contains(text(),'Bangalore')]]]]>
            </line>
            <line>
              <![CDATA[Found the element : DEPARTURE
25 Apr19
Thursday]]>
            </line>
            <line>
              <![CDATA[Clicking on: [[ChromeDriver: chrome on MAC (bd1673ccb8d2fdd169dd63f99c57e6a5)] -> xpath: //label[contains(@for,'departure')]]]]>
            </line>
            <line>
              <![CDATA[[[ChromeDriver: chrome on MAC (bd1673ccb8d2fdd169dd63f99c57e6a5)] -> xpath: //label[contains(@for,'departure')]]]]>
            </line>
            <line>
              <![CDATA[Clicked on: [[ChromeDriver: chrome on MAC (bd1673ccb8d2fdd169dd63f99c57e6a5)] -> xpath: //label[contains(@for,'departure')]]]]>
            </line>
            <line>
              <![CDATA[[[ChromeDriver: chrome on MAC (bd1673ccb8d2fdd169dd63f99c57e6a5)] -> xpath: //label[contains(@for,'departure')]]]]>
            </line>
            <line>
              <![CDATA[Found the element : 24]]>
            </line>
            <line>
              <![CDATA[Clicking on: [[ChromeDriver: chrome on MAC (bd1673ccb8d2fdd169dd63f99c57e6a5)] -> xpath: //div[@class='DayPicker-Week']/div[contains(@class,'today')]]]]>
            </line>
            <line>
              <![CDATA[[[ChromeDriver: chrome on MAC (bd1673ccb8d2fdd169dd63f99c57e6a5)] -> xpath: //div[@class='DayPicker-Week']/div[contains(@class,'today')]]]]>
            </line>
            <line>
              <![CDATA[Clicked on: [[ChromeDriver: chrome on MAC (bd1673ccb8d2fdd169dd63f99c57e6a5)] -> xpath: //div[@class='DayPicker-Week']/div[contains(@class,'today')]]]]>
            </line>
            <line>
              <![CDATA[[[ChromeDriver: chrome on MAC (bd1673ccb8d2fdd169dd63f99c57e6a5)] -> xpath: //div[@class='DayPicker-Week']/div[contains(@class,'today')]]]]>
            </line>
            <line>
              <![CDATA[Found the element : 24]]>
            </line>
            <line>
              <![CDATA[Found the element : 1]]>
            </line>
            <line>
              <![CDATA[Clicking on: [[ChromeDriver: chrome on MAC (bd1673ccb8d2fdd169dd63f99c57e6a5)] -> xpath: //div[contains(@aria-label,'May')]/div[@class='dateInnerCell']/p[contains(text(),'1')]]]]>
            </line>
            <line>
              <![CDATA[[[ChromeDriver: chrome on MAC (bd1673ccb8d2fdd169dd63f99c57e6a5)] -> xpath: //div[contains(@aria-label,'May')]/div[@class='dateInnerCell']/p[contains(text(),'1')]]]]>
            </line>
            <line>
              <![CDATA[Clicked on: [[ChromeDriver: chrome on MAC (bd1673ccb8d2fdd169dd63f99c57e6a5)] -> xpath: //div[contains(@aria-label,'May')]/div[@class='dateInnerCell']/p[contains(text(),'1')]]]]>
            </line>
            <line>
              <![CDATA[[[ChromeDriver: chrome on MAC (bd1673ccb8d2fdd169dd63f99c57e6a5)] -> xpath: //div[contains(@aria-label,'May')]/div[@class='dateInnerCell']/p[contains(text(),'1')]]]]>
            </line>
            <line>
              <![CDATA[Found the element : SEARCH]]>
            </line>
            <line>
              <![CDATA[Clicking on: [[ChromeDriver: chrome on MAC (bd1673ccb8d2fdd169dd63f99c57e6a5)] -> xpath: //a[@class='primaryBtn font24 latoBlack widgetSearchBtn ']]]]>
            </line>
            <line>
              <![CDATA[[[ChromeDriver: chrome on MAC (bd1673ccb8d2fdd169dd63f99c57e6a5)] -> xpath: //a[@class='primaryBtn font24 latoBlack widgetSearchBtn ']]]]>
            </line>
            <line>
              <![CDATA[Clicked on: [[ChromeDriver: chrome on MAC (bd1673ccb8d2fdd169dd63f99c57e6a5)] -> xpath: //a[@class='primaryBtn font24 latoBlack widgetSearchBtn ']]]]>
            </line>
            <line>
              <![CDATA[[[ChromeDriver: chrome on MAC (bd1673ccb8d2fdd169dd63f99c57e6a5)] -> xpath: //a[@class='primaryBtn font24 latoBlack widgetSearchBtn ']]]]>
            </line>
            <line>
              <![CDATA[Found the element : TRIP TYPE
Round Trip
FROM
TO
DEPART
RETURN
PASSENGERS & CLASS
SEARCH]]>
            </line>
            <line>
              <![CDATA[Found the element : TRIP TYPE
Round Trip
FROM
TO
DEPART
RETURN
PASSENGERS & CLASS
SEARCH]]>
            </line>
            <line>
              <![CDATA[Found the element : TRIP TYPE
Round Trip
FROM
TO
DEPART
RETURN
PASSENGERS & CLASS
SEARCH]]>
            </line>
            <line>
              <![CDATA[Found the element : IndiGo |6E - 2977
23:10
New Delhi
02hrs 45mins
Non stop
01:55+1 DAY
Bengaluru
Rs 23,156
Free seats available]]>
            </line>
            <line>
              <![CDATA[Found the element : IndiGo |6E - 2977]]>
            </line>
            <line>
              <![CDATA[Found the element : Air India |AI - 317Air India |AI - 603]]>
            </line>
            <line>
              <![CDATA[Found the element : IndiGo |6E - 2289
22:20
Bengaluru
02hrs 50mins
Non stop
01:10+1 DAY
New Delhi
Rs 6,020
Free seats available]]>
            </line>
            <line>
              <![CDATA[Found the element : IndiGo |6E - 2289]]>
            </line>
            <line>
              <![CDATA[Found the element : Spicejet |SG - 8720]]>
            </line>
            <line>
              <![CDATA[Found the element : IndiGo |6E - 2484]]>
            </line>
            <line>
              <![CDATA[Found the element : Spicejet |SG - 8718]]>
            </line>
            <line>
              <![CDATA[Found the element : Spicejet |SG - 198]]>
            </line>
            <line>
              <![CDATA[Found the element : Go Air |G8 - 118]]>
            </line>
            <line>
              <![CDATA[Found the element : IndiGo |6E - 2132]]>
            </line>
            <line>
              <![CDATA[Found the element : Go Air |G8 - 116]]>
            </line>
            <line>
              <![CDATA[Found the element : Go Air |G8 - 285Go Air |G8 - 285]]>
            </line>
            <line>
              <![CDATA[Found the element : Air India |AI - 804]]>
            </line>
            <line>
              <![CDATA[Found the element : Air India |AI - 501]]>
            </line>
            <line>
              <![CDATA[Found the element : IndiGo |6E - 2625]]>
            </line>
            <line>
              <![CDATA[Found the element : Spicejet |SG - 136]]>
            </line>
            <line>
              <![CDATA[Found the element : Spicejet |SG - 192]]>
            </line>
            <line>
              <![CDATA[Found the element : Vistara |UK - 814]]>
            </line>
            <line>
              <![CDATA[Found the element : Go Air |G8 - 120]]>
            </line>
            <line>
              <![CDATA[Found the element : IndiGo |6E - 2783]]>
            </line>
            <line>
              <![CDATA[Found the element : IndiGo |6E - 2808]]>
            </line>
            <line>
              <![CDATA[Found the element : IndiGo |6E - 2135]]>
            </line>
            <line>
              <![CDATA[Found the element : IndiGo |6E - 2716]]>
            </line>
            <line>
              <![CDATA[Found the element : IndiGo |6E - 2305]]>
            </line>
            <line>
              <![CDATA[Found the element : IndiGo |6E - 2228]]>
            </line>
            <line>
              <![CDATA[Found the element : Air India |AI - 505]]>
            </line>
            <line>
              <![CDATA[Found the element : Air India |AI - 503]]>
            </line>
            <line>
              <![CDATA[Found the element : Vistara |UK - 810]]>
            </line>
            <line>
              <![CDATA[Found the element : Vistara |UK - 816]]>
            </line>
            <line>
              <![CDATA[Found the element : Vistara |UK - 812]]>
            </line>
            <line>
              <![CDATA[Found the element : IndiGo |6E - 2475]]>
            </line>
            <line>
              <![CDATA[Found the element : IndiGo |6E - 2246]]>
            </line>
            <line>
              <![CDATA[Found the element : AirAsia |I5 - 2878]]>
            </line>
            <line>
              <![CDATA[Found the element : AirAsia |I5 - 722]]>
            </line>
            <line>
              <![CDATA[Found the element : AirAsia |I5 - 741]]>
            </line>
            <line>
              <![CDATA[Found the element : Air India |AI - 173]]>
            </line>
            <line>
              <![CDATA[Found the element : Air India |AI - 977Air India |AI - 127]]>
            </line>
            <line>
              <![CDATA[Found the element : Vistara |UK - 818]]>
            </line>
            <line>
              <![CDATA[Found the element : IndiGo |6E - 2988]]>
            </line>
            <line>
              <![CDATA[Found the element : IndiGo |6E - 2367]]>
            </line>
            <line>
              <![CDATA[Found the element : IndiGo |6E - 2943]]>
            </line>
            <line>
              <![CDATA[Found the element : Air India |AI - 738Air India |AI - 76]]>
            </line>
            <line>
              <![CDATA[Found the element : IndiGo |6E - 2065IndiGo |6E - 2065]]>
            </line>
            <line>
              <![CDATA[Found the element : Go Air |G8 - 241Go Air |G8 - 172]]>
            </line>
            <line>
              <![CDATA[Found the element : IndiGo |6E - 6794IndiGo |6E - 6489]]>
            </line>
            <line>
              <![CDATA[Found the element : Go Air |G8 - 395Go Air |G8 - 465]]>
            </line>
            <line>
              <![CDATA[Found the element : Go Air |G8 - 373Go Air |G8 - 2512]]>
            </line>
            <line>
              <![CDATA[Found the element : Go Air |G8 - 803Go Air |G8 - 714]]>
            </line>
            <line>
              <![CDATA[Found the element : IndiGo |6E - 456IndiGo |6E - 964]]>
            </line>
            <line>
              <![CDATA[Found the element : Vistara |UK - 858Vistara |UK - 994]]>
            </line>
            <line>
              <![CDATA[Found the element : Vistara |UK - 858Vistara |UK - 960]]>
            </line>
            <line>
              <![CDATA[Found the element : Air India |AI - 772Air India |AI - 701]]>
            </line>
            <line>
              <![CDATA[Found the element : Air India |AI - 564Air India |AI - 539]]>
            </line>
            <line>
              <![CDATA[Found the element : Air India |AI - 9505Air India |AI - 511]]>
            </line>
            <line>
              <![CDATA[Found the element : Vistara |UK - 854Vistara |UK - 988]]>
            </line>
            <line>
              <![CDATA[Found the element : Vistara |UK - 852Vistara |UK - 960]]>
            </line>
            <line>
              <![CDATA[Found the element : Vistara |UK - 864Vistara |UK - 944]]>
            </line>
            <line>
              <![CDATA[Found the element : Vistara |UK - 854Vistara |UK - 950]]>
            </line>
            <line>
              <![CDATA[Found the element : Vistara |UK - 864Vistara |UK - 902]]>
            </line>
            <line>
              <![CDATA[Found the element : Vistara |UK - 854Vistara |UK - 986]]>
            </line>
            <line>
              <![CDATA[Found the element : Vistara |UK - 852Vistara |UK - 944]]>
            </line>
            <line>
              <![CDATA[Found the element : Vistara |UK - 852Vistara |UK - 902]]>
            </line>
            <line>
              <![CDATA[Found the element : Vistara |UK - 864Vistara |UK - 996]]>
            </line>
            <line>
              <![CDATA[Found the element : Air India |AI - 640Air India |AI - 809]]>
            </line>
            <line>
              <![CDATA[Found the element : Spicejet |SG - 516Spicejet |SG - 8184]]>
            </line>
            <line>
              <![CDATA[Found the element : Air India |AI - 589Air India |AI - 18]]>
            </line>
            <line>
              <![CDATA[Found the element : Go Air |G8 - 241Go Air |G8 - 2541]]>
            </line>
            <line>
              <![CDATA[Found the element : IndiGo |6E - 528IndiGo |6E - 528]]>
            </line>
            <line>
              <![CDATA[Found the element : Air India |AI - 604Air India |AI - 677]]>
            </line>
            <line>
              <![CDATA[Found the element : Air India |AI - 640Air India |AI - 677]]>
            </line>
            <line>
              <![CDATA[Found the element : Air India |AI - 604Air India |AI - 687]]>
            </line>
            <line>
              <![CDATA[Found the element : Vistara |UK - 864Vistara |UK - 875Vistara |UK - 890]]>
            </line>
            <line>
              <![CDATA[Found the element : Air India |AI - 507Air India |AI - 507Air India |AI - 144]]>
            </line>
            <line>
              <![CDATA[Found the element : Air India |AI - 507Air India |AI - 507Air India |AI - 660]]>
            </line>
            <line>
              <![CDATA[Found the element : Air India |AI - 507Air India |AI - 507Air India |AI - 888]]>
            </line>
            <line>
              <![CDATA[Found the element : Air India |AI - 507Air India |AI - 507Air India |AI - 314]]>
            </line>
            <line>
              <![CDATA[Found the element : Air India |AI - 507Air India |AI - 507Air India |AI - 687]]>
            </line>
            <line>
              <![CDATA[Found the element : Air India |AI - 507Air India |AI - 507Air India |AI - 442Air India |AI - 442]]>
            </line>
            <line>
              <![CDATA[Found the element : Air India |AI - 608Air India |AI - 101]]>
            </line>
            <line>
              <![CDATA[Found the element : Air India |AI - 604Air India |AI - 9627Air India |AI - 9627Air India |AI - 9627]]>
            </line>
            <line>
              <![CDATA[Found the element : Vistara |UK - 852Vistara |UK - 841Vistara |UK - 848]]>
            </line>
            <line>
              <![CDATA[Found the element : Vistara |UK - 864Vistara |UK - 771Vistara |UK - 778]]>
            </line>
            <line>
              <![CDATA[Found the element : Air India |AI - 640Air India |AI - 645Air India |AI - 476]]>
            </line>
            <line>
              <![CDATA[Found the element : Non Stop]]>
            </line>
            <line>
              <![CDATA[Clicking on: [[ChromeDriver: chrome on MAC (bd1673ccb8d2fdd169dd63f99c57e6a5)] -> xpath: //label[starts-with(@for,'filter_stop')]/span[text()='Non Stop']]]]>
            </line>
            <line>
              <![CDATA[[[ChromeDriver: chrome on MAC (bd1673ccb8d2fdd169dd63f99c57e6a5)] -> xpath: //label[starts-with(@for,'filter_stop')]/span[text()='Non Stop']]]]>
            </line>
            <line>
              <![CDATA[Clicked on: [[ChromeDriver: chrome on MAC (bd1673ccb8d2fdd169dd63f99c57e6a5)] -> xpath: //label[starts-with(@for,'filter_stop')]/span[text()='Non Stop']]]]>
            </line>
            <line>
              <![CDATA[[[ChromeDriver: chrome on MAC (bd1673ccb8d2fdd169dd63f99c57e6a5)] -> xpath: //label[starts-with(@for,'filter_stop')]/span[text()='Non Stop']]]]>
            </line>
            <line>
              <![CDATA[Found the element : TRIP TYPE
Round Trip
FROM
TO
DEPART
RETURN
PASSENGERS & CLASS
SEARCH]]>
            </line>
            <line>
              <![CDATA[Found the element : Non Stop]]>
            </line>
            <line>
              <![CDATA[Found the element : Non Stop]]>
            </line>
            <line>
              <![CDATA[Found the element : Non Stop]]>
            </line>
            <line>
              <![CDATA[Found the element : IndiGo |6E - 2977
23:10
New Delhi
02hrs 45mins
Non stop
01:55+1 DAY
Bengaluru
Rs 23,156
Free seats available]]>
            </line>
            <line>
              <![CDATA[Found the element : IndiGo |6E - 2977]]>
            </line>
            <line>
              <![CDATA[Found the element : IndiGo |6E - 2289
22:20
Bengaluru
02hrs 50mins
Non stop
01:10+1 DAY
New Delhi
Rs 6,020
Free seats available]]>
            </line>
            <line>
              <![CDATA[Found the element : IndiGo |6E - 2289]]>
            </line>
            <line>
              <![CDATA[Found the element : Spicejet |SG - 8720]]>
            </line>
            <line>
              <![CDATA[Found the element : IndiGo |6E - 2484]]>
            </line>
            <line>
              <![CDATA[Found the element : Spicejet |SG - 8718]]>
            </line>
            <line>
              <![CDATA[Found the element : Spicejet |SG - 198]]>
            </line>
            <line>
              <![CDATA[Found the element : Go Air |G8 - 118]]>
            </line>
            <line>
              <![CDATA[Found the element : IndiGo |6E - 2132]]>
            </line>
            <line>
              <![CDATA[Found the element : Go Air |G8 - 116]]>
            </line>
            <line>
              <![CDATA[Found the element : Air India |AI - 804]]>
            </line>
            <line>
              <![CDATA[Found the element : Air India |AI - 501]]>
            </line>
            <line>
              <![CDATA[Found the element : IndiGo |6E - 2625]]>
            </line>
            <line>
              <![CDATA[Found the element : Spicejet |SG - 136]]>
            </line>
            <line>
              <![CDATA[Found the element : Spicejet |SG - 192]]>
            </line>
            <line>
              <![CDATA[Found the element : Vistara |UK - 814]]>
            </line>
            <line>
              <![CDATA[Found the element : Go Air |G8 - 120]]>
            </line>
            <line>
              <![CDATA[Found the element : IndiGo |6E - 2783]]>
            </line>
            <line>
              <![CDATA[Found the element : IndiGo |6E - 2808]]>
            </line>
            <line>
              <![CDATA[Found the element : IndiGo |6E - 2135]]>
            </line>
            <line>
              <![CDATA[Found the element : IndiGo |6E - 2716]]>
            </line>
            <line>
              <![CDATA[Found the element : IndiGo |6E - 2305]]>
            </line>
            <line>
              <![CDATA[Found the element : IndiGo |6E - 2228]]>
            </line>
            <line>
              <![CDATA[Found the element : Air India |AI - 505]]>
            </line>
            <line>
              <![CDATA[Found the element : Air India |AI - 503]]>
            </line>
            <line>
              <![CDATA[Found the element : Vistara |UK - 810]]>
            </line>
            <line>
              <![CDATA[Found the element : Vistara |UK - 816]]>
            </line>
            <line>
              <![CDATA[Found the element : Vistara |UK - 812]]>
            </line>
            <line>
              <![CDATA[Found the element : IndiGo |6E - 2475]]>
            </line>
            <line>
              <![CDATA[Found the element : IndiGo |6E - 2246]]>
            </line>
            <line>
              <![CDATA[Found the element : AirAsia |I5 - 2878]]>
            </line>
            <line>
              <![CDATA[Found the element : AirAsia |I5 - 722]]>
            </line>
            <line>
              <![CDATA[Found the element : AirAsia |I5 - 741]]>
            </line>
            <line>
              <![CDATA[Found the element : Air India |AI - 173]]>
            </line>
            <line>
              <![CDATA[Found the element : Vistara |UK - 818]]>
            </line>
            <line>
              <![CDATA[Found the element : IndiGo |6E - 2988]]>
            </line>
            <line>
              <![CDATA[Found the element : IndiGo |6E - 2367]]>
            </line>
            <line>
              <![CDATA[Found the element : IndiGo |6E - 2943]]>
            </line>
            <line>
              <![CDATA[Found the element : IndiGo |6E - 2977
23:10
New Delhi
02hrs 45mins
Non stop
01:55+1 DAY
Bengaluru
Rs 23,156
Free seats available]]>
            </line>
            <line>
              <![CDATA[Found the element : IndiGo |6E - 2977]]>
            </line>
            <line>
              <![CDATA[Found the element : IndiGo |6E - 2289
22:20
Bengaluru
02hrs 50mins
Non stop
01:10+1 DAY
New Delhi
Rs 6,020
Free seats available]]>
            </line>
            <line>
              <![CDATA[Found the element : IndiGo |6E - 2289]]>
            </line>
            <line>
              <![CDATA[Found the element : Spicejet |SG - 8720]]>
            </line>
            <line>
              <![CDATA[Found the element : IndiGo |6E - 2484]]>
            </line>
            <line>
              <![CDATA[Found the element : Spicejet |SG - 8718]]>
            </line>
            <line>
              <![CDATA[Found the element : Spicejet |SG - 198]]>
            </line>
            <line>
              <![CDATA[Found the element : Go Air |G8 - 118]]>
            </line>
            <line>
              <![CDATA[Found the element : IndiGo |6E - 2132]]>
            </line>
            <line>
              <![CDATA[Found the element : Go Air |G8 - 116]]>
            </line>
            <line>
              <![CDATA[Found the element : Air India |AI - 804]]>
            </line>
            <line>
              <![CDATA[Found the element : Air India |AI - 501]]>
            </line>
            <line>
              <![CDATA[Found the element : IndiGo |6E - 2625]]>
            </line>
            <line>
              <![CDATA[Found the element : Spicejet |SG - 136]]>
            </line>
            <line>
              <![CDATA[Found the element : Spicejet |SG - 192]]>
            </line>
            <line>
              <![CDATA[Found the element : Vistara |UK - 814]]>
            </line>
            <line>
              <![CDATA[Found the element : Go Air |G8 - 120]]>
            </line>
            <line>
              <![CDATA[Found the element : IndiGo |6E - 2783]]>
            </line>
            <line>
              <![CDATA[Found the element : IndiGo |6E - 2808]]>
            </line>
            <line>
              <![CDATA[Found the element : IndiGo |6E - 2135]]>
            </line>
            <line>
              <![CDATA[Found the element : IndiGo |6E - 2716]]>
            </line>
            <line>
              <![CDATA[Found the element : IndiGo |6E - 2305]]>
            </line>
            <line>
              <![CDATA[Found the element : IndiGo |6E - 2228]]>
            </line>
            <line>
              <![CDATA[Found the element : Air India |AI - 505]]>
            </line>
            <line>
              <![CDATA[Found the element : Air India |AI - 503]]>
            </line>
            <line>
              <![CDATA[Found the element : Vistara |UK - 810]]>
            </line>
            <line>
              <![CDATA[Found the element : Vistara |UK - 816]]>
            </line>
            <line>
              <![CDATA[Found the element : Vistara |UK - 812]]>
            </line>
            <line>
              <![CDATA[Found the element : IndiGo |6E - 2475]]>
            </line>
            <line>
              <![CDATA[Found the element : IndiGo |6E - 2246]]>
            </line>
            <line>
              <![CDATA[Found the element : AirAsia |I5 - 2878]]>
            </line>
            <line>
              <![CDATA[Found the element : AirAsia |I5 - 722]]>
            </line>
            <line>
              <![CDATA[Found the element : AirAsia |I5 - 741]]>
            </line>
            <line>
              <![CDATA[Found the element : Air India |AI - 173]]>
            </line>
            <line>
              <![CDATA[Found the element : Vistara |UK - 818]]>
            </line>
            <line>
              <![CDATA[Found the element : IndiGo |6E - 2988]]>
            </line>
            <line>
              <![CDATA[Found the element : IndiGo |6E - 2367]]>
            </line>
            <line>
              <![CDATA[Found the element : IndiGo |6E - 2943]]>
            </line>
            <line>
              <![CDATA[Found the element : ]]>
            </line>
            <line>
              <![CDATA[Found the element : ]]>
            </line>
            <line>
              <![CDATA[Found the element : Rs 29,550]]>
            </line>
            <line>
              <![CDATA[Found the element : Rs 23,156]]>
            </line>
            <line>
              <![CDATA[Found the element : Rs 6,394]]>
            </line>
            <line>
              <![CDATA[Found the element : Rs 23,156]]>
            </line>
            <line>
              <![CDATA[Found the element : Rs 6,394]]>
            </line>
            <line>
              <![CDATA[Found the element : Rs 29,550]]>
            </line>
          </reporter-output>
        </test-method> <!-- TC_001 -->
        <test-method status="PASS" signature="getresult(org.testng.ITestResult)[pri:0, instance:com.TestAutomation.MA.Home.MMT_TestCases@1efed156]" name="getresult" is-config="true" duration-ms="6" started-at="2019-04-24T19:56:04Z" finished-at="2019-04-24T19:56:04Z">
          <params>
            <param index="0">
              <value>
                <![CDATA[[TestResult name=TC_001 status=SUCCESS method=MMT_TestCases.TC_001()[pri:0, instance:com.TestAutomation.MA.Home.MMT_TestCases@1efed156] output=Found the element : Flights]]]>
              </value>
            </param>
          </params>
          <reporter-output>
          </reporter-output>
        </test-method> <!-- getresult -->
        <test-method status="PASS" signature="endTest()[pri:0, instance:com.TestAutomation.MA.Home.MMT_TestCases@1efed156]" name="endTest" is-config="true" duration-ms="414" started-at="2019-04-24T19:56:04Z" finished-at="2019-04-24T19:56:04Z">
          <reporter-output>
          </reporter-output>
        </test-method> <!-- endTest -->
      </class> <!-- com.TestAutomation.MA.Home.MMT_TestCases -->
    </test> <!-- Default test -->
  </suite> <!-- Default suite -->
</testng-results>
